Build started 5/11/2015 9:42:58 PM.
     1>Project "D:\SERIAL\serial-communication-manager\com.embeddedunveiled.native\windows_serial\windows_serial\windows_serial.vcxproj" on node 2 (Rebuild target(s)).
     1>ClCompile:
         C:\Program Files (x86)\Microsoft Visual Studio 12.0\VC\bin\x86_amd64\CL.exe /c /I"C:\Program Files\Java\jdk1.8.0_25\include\win32" /I"C:\Program Files\Java\jdk1.8.0_25\include" /Zi /nologo /W3 /WX- /sdl /O2 /Oi /GL /D WIN32 /D NDEBUG /D _WINDOWS /D _USRDLL /D WINDOWS_SERIAL_EXPORTS /D _WINDLL /D _UNICODE /D UNICODE /Gm- /EHsc /MD /GS /Gy /fp:precise /Zc:wchar_t /Zc:forScope /Yc"stdafx.h" /Fp"x64\Release\windows_1.0.2_x86_64.pch" /Fo"x64\Release\\" /Fd"x64\Release\vc120.pdb" /Gd /TC /errorReport:prompt stdafx.c
         stdafx.c
         C:\Program Files (x86)\Microsoft Visual Studio 12.0\VC\bin\x86_amd64\CL.exe /c /I"C:\Program Files\Java\jdk1.8.0_25\include\win32" /I"C:\Program Files\Java\jdk1.8.0_25\include" /Zi /nologo /W3 /WX- /sdl /O2 /Oi /GL /D WIN32 /D NDEBUG /D _WINDOWS /D _USRDLL /D WINDOWS_SERIAL_EXPORTS /D _WINDLL /D _UNICODE /D UNICODE /Gm- /EHsc /MD /GS /Gy /fp:precise /Zc:wchar_t /Zc:forScope /Yu"stdafx.h" /Fp"x64\Release\windows_1.0.2_x86_64.pch" /Fo"x64\Release\\" /Fd"x64\Release\vc120.pdb" /Gd /TC /errorReport:prompt windows_serial.c windows_serial_lib.c
         windows_serial.c
     1>windows_serial.c(205): warning C4133: 'function' : incompatible types - from 'LPBYTE' to 'LPWSTR'
         windows_serial_lib.c
       Link:
         C:\Program Files (x86)\Microsoft Visual Studio 12.0\VC\bin\x86_amd64\link.exe /ERRORREPORT:PROMPT /OUT:"D:\SERIAL\serial-communication-manager\com.embeddedunveiled.native\windows_serial\x64\Release\windows_1.0.2_x86_64.dll" /INCREMENTAL:NO /NOLOGO kernel32.lib user32.lib gdi32.lib winspool.lib comdlg32.lib advapi32.lib shell32.lib ole32.lib oleaut32.lib uuid.lib odbc32.lib odbccp32.lib /MANIFEST /MANIFESTUAC:"level='asInvoker' uiAccess='false'" /manifest:embed /DEBUG /PDB:"D:\SERIAL\serial-communication-manager\com.embeddedunveiled.native\windows_serial\x64\Release\windows_1.0.2_x86_64.pdb" /SUBSYSTEM:WINDOWS /OPT:REF /OPT:ICF /LTCG /TLBID:1 /DYNAMICBASE /NXCOMPAT /IMPLIB:"D:\SERIAL\serial-communication-manager\com.embeddedunveiled.native\windows_serial\x64\Release\windows_1.0.2_x86_64.lib" /MACHINE:X64 /DLL x64\Release\stdafx.obj
         x64\Release\windows_serial.obj
         x64\Release\windows_serial_lib.obj
            Creating library D:\SERIAL\serial-communication-manager\com.embeddedunveiled.native\windows_serial\x64\Release\windows_1.0.2_x86_64.lib and object D:\SERIAL\serial-communication-manager\com.embeddedunveiled.native\windows_serial\x64\Release\windows_1.0.2_x86_64.exp
         Generating code
         Finished generating code
         windows_serial.vcxproj -> D:\SERIAL\serial-communication-manager\com.embeddedunveiled.native\windows_serial\x64\Release\windows_1.0.2_x86_64.dll
     1>Done Building Project "D:\SERIAL\serial-communication-manager\com.embeddedunveiled.native\windows_serial\windows_serial\windows_serial.vcxproj" (Rebuild target(s)).

Build succeeded.

Time Elapsed 00:00:03.56
