2015-06-09 11:58:56,617 [Worker-4] INFO  o.e.m.c.i.l.LifecycleMappingFactory - Using org.eclipse.m2e.jdt.JarLifecycleMapping lifecycle mapping for MavenProject: com.embeddedunveiled:scm:1.0.3 @ /home/r/ws-host-uart/serial-communication-manager/com.embeddedunveiled.serial/pom.xml.
2015-06-09 11:58:57,307 [Worker-5] INFO  o.e.m.c.i.l.LifecycleMappingFactory - Using org.eclipse.m2e.jdt.JarLifecycleMapping lifecycle mapping for MavenProject: com.embeddedunveiled:scm:1.0.3 @ /home/r/ws-host-uart/serial-communication-manager/com.embeddedunveiled.serial/pom.xml.
2015-06-09 11:58:57,319 [Worker-4] INFO  o.e.m.c.i.embedder.EclipseLogger - Using 'UTF-8' encoding to copy filtered resources.
2015-06-09 11:58:57,322 [Worker-4] INFO  o.e.m.c.i.embedder.EclipseLogger - Copying 0 resource
2015-06-09 11:58:57,326 [Worker-4] INFO  o.e.m.c.i.embedder.EclipseLogger - Using 'UTF-8' encoding to copy filtered resources.
2015-06-09 11:58:57,326 [Worker-4] INFO  o.e.m.c.i.embedder.EclipseLogger - skip non existing resourceDirectory /home/r/ws-host-uart/serial-communication-manager/com.embeddedunveiled.serial/src/test/resources
2015-06-09 11:58:58,382 [Worker-5] INFO  o.e.m.c.i.embedder.EclipseLogger - Using 'UTF-8' encoding to copy filtered resources.
2015-06-09 11:58:58,385 [Worker-5] INFO  o.e.m.c.i.embedder.EclipseLogger - Copying 0 resource
2015-06-09 11:58:58,386 [Worker-5] INFO  o.e.m.c.i.embedder.EclipseLogger - Using 'UTF-8' encoding to copy filtered resources.
2015-06-09 11:58:58,386 [Worker-5] INFO  o.e.m.c.i.embedder.EclipseLogger - skip non existing resourceDirectory /home/r/ws-host-uart/serial-communication-manager/com.embeddedunveiled.serial/src/test/resources
2015-06-09 12:01:57,545 [Worker-6] INFO  o.e.m.c.i.embedder.EclipseLogger - Using 'UTF-8' encoding to copy filtered resources.
2015-06-09 12:01:57,565 [Worker-6] INFO  o.e.m.c.i.embedder.EclipseLogger - Copying 22 resources
2015-06-09 12:01:57,710 [Worker-6] INFO  o.e.m.c.i.embedder.EclipseLogger - Using 'UTF-8' encoding to copy filtered resources.
2015-06-09 12:01:57,710 [Worker-6] INFO  o.e.m.c.i.embedder.EclipseLogger - skip non existing resourceDirectory /home/r/ws-host-uart/serial-communication-manager/com.embeddedunveiled.serial/src/test/resources
2015-06-09 12:02:06,388 [Worker-6] INFO  o.e.m.c.i.embedder.EclipseLogger - Using 'UTF-8' encoding to copy filtered resources.
2015-06-09 12:02:06,391 [Worker-6] INFO  o.e.m.c.i.embedder.EclipseLogger - Copying 22 resources
2015-06-09 12:02:06,394 [Worker-6] INFO  o.e.m.c.i.embedder.EclipseLogger - Using 'UTF-8' encoding to copy filtered resources.
2015-06-09 12:02:06,394 [Worker-6] INFO  o.e.m.c.i.embedder.EclipseLogger - skip non existing resourceDirectory /home/r/ws-host-uart/serial-communication-manager/com.embeddedunveiled.serial/src/test/resources
2015-06-09 12:02:14,522 [Worker-1] INFO  o.e.m.c.i.embedder.EclipseLogger - Using 'UTF-8' encoding to copy filtered resources.
2015-06-09 12:02:14,525 [Worker-1] INFO  o.e.m.c.i.embedder.EclipseLogger - Copying 22 resources
2015-06-09 12:02:14,527 [Worker-1] INFO  o.e.m.c.i.embedder.EclipseLogger - Using 'UTF-8' encoding to copy filtered resources.
2015-06-09 12:02:14,527 [Worker-1] INFO  o.e.m.c.i.embedder.EclipseLogger - skip non existing resourceDirectory /home/r/ws-host-uart/serial-communication-manager/com.embeddedunveiled.serial/src/test/resources
2015-06-09 12:02:30,575 [Worker-4] INFO  o.e.m.c.i.embedder.EclipseLogger - Using 'UTF-8' encoding to copy filtered resources.
2015-06-09 12:02:30,577 [Worker-4] INFO  o.e.m.c.i.embedder.EclipseLogger - Copying 22 resources
2015-06-09 12:02:30,579 [Worker-4] INFO  o.e.m.c.i.embedder.EclipseLogger - Using 'UTF-8' encoding to copy filtered resources.
2015-06-09 12:02:30,579 [Worker-4] INFO  o.e.m.c.i.embedder.EclipseLogger - skip non existing resourceDirectory /home/r/ws-host-uart/serial-communication-manager/com.embeddedunveiled.serial/src/test/resources
2015-06-09 12:06:50,299 [Worker-4] INFO  o.e.m.c.i.embedder.EclipseLogger - Using 'UTF-8' encoding to copy filtered resources.
2015-06-09 12:06:50,300 [Worker-4] INFO  o.e.m.c.i.embedder.EclipseLogger - Copying 0 resource
2015-06-09 12:06:50,301 [Worker-4] INFO  o.e.m.c.i.embedder.EclipseLogger - Using 'UTF-8' encoding to copy filtered resources.
2015-06-09 12:06:50,301 [Worker-4] INFO  o.e.m.c.i.embedder.EclipseLogger - skip non existing resourceDirectory /home/r/ws-host-uart/serial-communication-manager/com.embeddedunveiled.serial/src/test/resources
2015-06-09 13:07:51,201 [Worker-16] INFO  o.e.m.c.i.embedder.EclipseLogger - Using 'UTF-8' encoding to copy filtered resources.
2015-06-09 13:07:51,201 [Worker-16] INFO  o.e.m.c.i.embedder.EclipseLogger - Copying 0 resource
2015-06-09 13:07:51,202 [Worker-16] INFO  o.e.m.c.i.embedder.EclipseLogger - Using 'UTF-8' encoding to copy filtered resources.
2015-06-09 13:07:51,202 [Worker-16] INFO  o.e.m.c.i.embedder.EclipseLogger - skip non existing resourceDirectory /home/r/ws-host-uart/serial-communication-manager/com.embeddedunveiled.serial/src/test/resources
2015-06-09 13:08:20,289 [Worker-14] INFO  o.e.m.c.i.embedder.EclipseLogger - Using 'UTF-8' encoding to copy filtered resources.
2015-06-09 13:08:20,289 [Worker-14] INFO  o.e.m.c.i.embedder.EclipseLogger - Copying 0 resource
2015-06-09 13:08:20,290 [Worker-14] INFO  o.e.m.c.i.embedder.EclipseLogger - Using 'UTF-8' encoding to copy filtered resources.
2015-06-09 13:08:20,290 [Worker-14] INFO  o.e.m.c.i.embedder.EclipseLogger - skip non existing resourceDirectory /home/r/ws-host-uart/serial-communication-manager/com.embeddedunveiled.serial/src/test/resources
2015-06-09 13:08:54,538 [Worker-15] INFO  o.e.m.c.i.embedder.EclipseLogger - Using 'UTF-8' encoding to copy filtered resources.
2015-06-09 13:08:54,538 [Worker-15] INFO  o.e.m.c.i.embedder.EclipseLogger - Copying 0 resource
2015-06-09 13:08:54,539 [Worker-15] INFO  o.e.m.c.i.embedder.EclipseLogger - Using 'UTF-8' encoding to copy filtered resources.
2015-06-09 13:08:54,539 [Worker-15] INFO  o.e.m.c.i.embedder.EclipseLogger - skip non existing resourceDirectory /home/r/ws-host-uart/serial-communication-manager/com.embeddedunveiled.serial/src/test/resources
2015-06-09 15:20:30,464 [Worker-1] INFO  o.e.m.c.i.embedder.EclipseLogger - Using 'UTF-8' encoding to copy filtered resources.
2015-06-09 15:20:30,469 [Worker-1] INFO  o.e.m.c.i.embedder.EclipseLogger - Copying 0 resource
2015-06-09 15:20:30,471 [Worker-1] INFO  o.e.m.c.i.embedder.EclipseLogger - Using 'UTF-8' encoding to copy filtered resources.
2015-06-09 15:20:30,471 [Worker-1] INFO  o.e.m.c.i.embedder.EclipseLogger - skip non existing resourceDirectory /home/r/ws-host-uart/serial-communication-manager/com.embeddedunveiled.serial/src/test/resources
2015-06-09 15:21:40,666 [Worker-6] INFO  o.e.m.c.i.embedder.EclipseLogger - Using 'UTF-8' encoding to copy filtered resources.
2015-06-09 15:21:40,666 [Worker-6] INFO  o.e.m.c.i.embedder.EclipseLogger - Copying 0 resource
2015-06-09 15:21:40,667 [Worker-6] INFO  o.e.m.c.i.embedder.EclipseLogger - Using 'UTF-8' encoding to copy filtered resources.
2015-06-09 15:21:40,667 [Worker-6] INFO  o.e.m.c.i.embedder.EclipseLogger - skip non existing resourceDirectory /home/r/ws-host-uart/serial-communication-manager/com.embeddedunveiled.serial/src/test/resources
2015-06-09 15:33:49,428 [Worker-9] INFO  o.e.m.c.i.embedder.EclipseLogger - Using 'UTF-8' encoding to copy filtered resources.
2015-06-09 15:33:49,428 [Worker-9] INFO  o.e.m.c.i.embedder.EclipseLogger - Copying 0 resource
2015-06-09 15:33:49,429 [Worker-9] INFO  o.e.m.c.i.embedder.EclipseLogger - Using 'UTF-8' encoding to copy filtered resources.
2015-06-09 15:33:49,429 [Worker-9] INFO  o.e.m.c.i.embedder.EclipseLogger - skip non existing resourceDirectory /home/r/ws-host-uart/serial-communication-manager/com.embeddedunveiled.serial/src/test/resources
2015-06-09 15:56:04,757 [Worker-18] INFO  o.e.m.c.i.embedder.EclipseLogger - Using 'UTF-8' encoding to copy filtered resources.
2015-06-09 15:56:04,762 [Worker-18] INFO  o.e.m.c.i.embedder.EclipseLogger - Copying 22 resources
2015-06-09 15:56:04,773 [Worker-18] INFO  o.e.m.c.i.embedder.EclipseLogger - Using 'UTF-8' encoding to copy filtered resources.
2015-06-09 15:56:04,773 [Worker-18] INFO  o.e.m.c.i.embedder.EclipseLogger - skip non existing resourceDirectory /home/r/ws-host-uart/serial-communication-manager/com.embeddedunveiled.serial/src/test/resources
2015-06-09 16:14:48,449 [Worker-24] INFO  o.e.m.c.i.embedder.EclipseLogger - Using 'UTF-8' encoding to copy filtered resources.
2015-06-09 16:14:48,450 [Worker-24] INFO  o.e.m.c.i.embedder.EclipseLogger - Copying 0 resource
2015-06-09 16:14:48,451 [Worker-24] INFO  o.e.m.c.i.embedder.EclipseLogger - Using 'UTF-8' encoding to copy filtered resources.
2015-06-09 16:14:48,451 [Worker-24] INFO  o.e.m.c.i.embedder.EclipseLogger - skip non existing resourceDirectory /home/r/ws-host-uart/serial-communication-manager/com.embeddedunveiled.serial/src/test/resources
2015-06-09 16:15:44,949 [Worker-24] INFO  o.e.m.c.i.embedder.EclipseLogger - Using 'UTF-8' encoding to copy filtered resources.
2015-06-09 16:15:44,949 [Worker-24] INFO  o.e.m.c.i.embedder.EclipseLogger - Copying 0 resource
2015-06-09 16:15:44,950 [Worker-24] INFO  o.e.m.c.i.embedder.EclipseLogger - Using 'UTF-8' encoding to copy filtered resources.
2015-06-09 16:15:44,950 [Worker-24] INFO  o.e.m.c.i.embedder.EclipseLogger - skip non existing resourceDirectory /home/r/ws-host-uart/serial-communication-manager/com.embeddedunveiled.serial/src/test/resources
