16:13:26 **** Incremental Build of configuration Release for project com.embeddedunveiled.native ****
make all 
Building file: ../src/unix_like_serial.c
Invoking: Cross GCC Compiler
gcc -I/home/r/packages/jdk/jdk1.6.0_45/include -O3 -Wall -c -fmessage-length=0 -fPIC -MMD -MP -MF"src/unix_like_serial.d" -MT"src/unix_like_serial.d" -o "src/unix_like_serial.o" "../src/unix_like_serial.c"
../src/unix_like_serial.c: In function ‘Java_com_embeddedunveiled_serial_SerialComJNINativeInterface_openComPort’:
../src/unix_like_serial.c:378:3: warning: implicit declaration of function ‘ioctl’ [-Wimplicit-function-declaration]
Finished building: ../src/unix_like_serial.c
 
Building file: ../src/unix_like_serial_lib.c
Invoking: Cross GCC Compiler
gcc -I/home/r/packages/jdk/jdk1.6.0_45/include -O3 -Wall -c -fmessage-length=0 -fPIC -MMD -MP -MF"src/unix_like_serial_lib.d" -MT"src/unix_like_serial_lib.d" -o "src/unix_like_serial_lib.o" "../src/unix_like_serial_lib.c"
../src/unix_like_serial_lib.c: In function ‘serial_delay’:
../src/unix_like_serial_lib.c:80:2: warning: passing argument 5 of ‘pselect’ from incompatible pointer type [enabled by default]
/usr/include/x86_64-linux-gnu/sys/select.h:119:12: note: expected ‘const struct timespec * __restrict__’ but argument is of type ‘struct timeval *’
../src/unix_like_serial_lib.c: In function ‘event_looper’:
../src/unix_like_serial_lib.c:292:3: warning: implicit declaration of function ‘ioctl’ [-Wimplicit-function-declaration]
Finished building: ../src/unix_like_serial_lib.c
 
Building file: ../src/windows_serial.c
Invoking: Cross GCC Compiler
gcc -I/home/r/packages/jdk/jdk1.6.0_45/include -O3 -Wall -c -fmessage-length=0 -fPIC -MMD -MP -MF"src/windows_serial.d" -MT"src/windows_serial.d" -o "src/windows_serial.o" "../src/windows_serial.c"
Finished building: ../src/windows_serial.c
 
Building file: ../src/windows_serial_lib.c
Invoking: Cross GCC Compiler
gcc -I/home/r/packages/jdk/jdk1.6.0_45/include -O3 -Wall -c -fmessage-length=0 -fPIC -MMD -MP -MF"src/windows_serial_lib.d" -MT"src/windows_serial_lib.d" -o "src/windows_serial_lib.o" "../src/windows_serial_lib.c"
Finished building: ../src/windows_serial_lib.c
 
Building target: libcom.embeddedunveiled.native.so
Invoking: Cross GCC Linker
gcc -shared -o "libcom.embeddedunveiled.native.so"  ./src/unix_like_serial.o ./src/unix_like_serial_lib.o ./src/windows_serial.o ./src/windows_serial_lib.o   
Finished building target: libcom.embeddedunveiled.native.so
 

16:13:26 Build Finished (took 362ms)

