14:14:17 **** Clean-only build of configuration Debug for project unix-like-serial ****
make clean 
rm -rf  ./src/unix_like_serial.o ./src/unix_like_serial_lib.o  ./src/unix_like_serial.d ./src/unix_like_serial_lib.d  linux_1.0.0_x86_64.so
 
14:14:17 **** Build of configuration Debug for project unix-like-serial ****
make all 
Building file: ../src/unix_like_serial.c
Invoking: GCC C Compiler
gcc -I/home/r/packages/jdk/jdk1.6.0_45/include -include/home/r/packages/jdk/jdk1.6.0_45/include/jni.h -O0 -g3 -Wall -c -fmessage-length=0 -fPIC -MMD -MP -MF"src/unix_like_serial.d" -MT"src/unix_like_serial.d" -o "src/unix_like_serial.o" "../src/unix_like_serial.c"
../src/unix_like_serial.c: In function ‘Java_com_embeddedunveiled_serial_SerialComJNINativeInterface_openComPort’:
../src/unix_like_serial.c:404:3: warning: implicit declaration of function ‘ioctl’ [-Wimplicit-function-declaration]
../src/unix_like_serial.c: In function ‘Java_com_embeddedunveiled_serial_SerialComJNINativeInterface_writeBytes’:
../src/unix_like_serial.c:676:2: warning: implicit declaration of function ‘tcdrain’ [-Wimplicit-function-declaration]
../src/unix_like_serial.c: In function ‘Java_com_embeddedunveiled_serial_SerialComJNINativeInterface_clearPortIOBuffers’:
../src/unix_like_serial.c:1268:3: warning: implicit declaration of function ‘tcflush’ [-Wimplicit-function-declaration]
../src/unix_like_serial.c: In function ‘Java_com_embeddedunveiled_serial_SerialComJNINativeInterface_registerPortMonitorListener’:
../src/unix_like_serial.c:1759:6: warning: unused variable ‘negative’ [-Wunused-variable]
../src/unix_like_serial.c:1758:6: warning: unused variable ‘ret’ [-Wunused-variable]
Finished building: ../src/unix_like_serial.c
 
Building file: ../src/unix_like_serial_lib.c
Invoking: GCC C Compiler
gcc -I/home/r/packages/jdk/jdk1.6.0_45/include -include/home/r/packages/jdk/jdk1.6.0_45/include/jni.h -O0 -g3 -Wall -c -fmessage-length=0 -fPIC -MMD -MP -MF"src/unix_like_serial_lib.d" -MT"src/unix_like_serial_lib.d" -o "src/unix_like_serial_lib.o" "../src/unix_like_serial_lib.c"
../src/unix_like_serial_lib.c: In function ‘event_looper’:
../src/unix_like_serial_lib.c:361:3: warning: implicit declaration of function ‘ioctl’ [-Wimplicit-function-declaration]
Finished building: ../src/unix_like_serial_lib.c
 
Building target: linux_1.0.0_x86_64.so
Invoking: GCC C Linker
gcc -shared -o "linux_1.0.0_x86_64.so"  ./src/unix_like_serial.o ./src/unix_like_serial_lib.o   
Finished building target: linux_1.0.0_x86_64.so
 
14:14:22 **** Clean-only build of configuration Debug for project unix-like-serial ****
make clean 
rm -rf  ./src/unix_like_serial.o ./src/unix_like_serial_lib.o  ./src/unix_like_serial.d ./src/unix_like_serial_lib.d  linux_1.0.0_x86_64.so
 
14:14:23 **** Build of configuration Debug for project unix-like-serial ****
make all 
Building file: ../src/unix_like_serial.c
Invoking: GCC C Compiler
gcc -I/home/r/packages/jdk/jdk1.6.0_45/include -include/home/r/packages/jdk/jdk1.6.0_45/include/jni.h -O0 -g3 -Wall -c -fmessage-length=0 -fPIC -MMD -MP -MF"src/unix_like_serial.d" -MT"src/unix_like_serial.d" -o "src/unix_like_serial.o" "../src/unix_like_serial.c"
../src/unix_like_serial.c: In function ‘Java_com_embeddedunveiled_serial_SerialComJNINativeInterface_openComPort’:
../src/unix_like_serial.c:404:3: warning: implicit declaration of function ‘ioctl’ [-Wimplicit-function-declaration]
../src/unix_like_serial.c: In function ‘Java_com_embeddedunveiled_serial_SerialComJNINativeInterface_writeBytes’:
../src/unix_like_serial.c:676:2: warning: implicit declaration of function ‘tcdrain’ [-Wimplicit-function-declaration]
../src/unix_like_serial.c: In function ‘Java_com_embeddedunveiled_serial_SerialComJNINativeInterface_clearPortIOBuffers’:
../src/unix_like_serial.c:1268:3: warning: implicit declaration of function ‘tcflush’ [-Wimplicit-function-declaration]
../src/unix_like_serial.c: In function ‘Java_com_embeddedunveiled_serial_SerialComJNINativeInterface_registerPortMonitorListener’:
../src/unix_like_serial.c:1759:6: warning: unused variable ‘negative’ [-Wunused-variable]
../src/unix_like_serial.c:1758:6: warning: unused variable ‘ret’ [-Wunused-variable]
Finished building: ../src/unix_like_serial.c
 
Building file: ../src/unix_like_serial_lib.c
Invoking: GCC C Compiler
gcc -I/home/r/packages/jdk/jdk1.6.0_45/include -include/home/r/packages/jdk/jdk1.6.0_45/include/jni.h -O0 -g3 -Wall -c -fmessage-length=0 -fPIC -MMD -MP -MF"src/unix_like_serial_lib.d" -MT"src/unix_like_serial_lib.d" -o "src/unix_like_serial_lib.o" "../src/unix_like_serial_lib.c"
../src/unix_like_serial_lib.c: In function ‘event_looper’:
../src/unix_like_serial_lib.c:361:3: warning: implicit declaration of function ‘ioctl’ [-Wimplicit-function-declaration]
Finished building: ../src/unix_like_serial_lib.c
 
Building target: linux_1.0.0_x86_64.so
Invoking: GCC C Linker
gcc -shared -o "linux_1.0.0_x86_64.so"  ./src/unix_like_serial.o ./src/unix_like_serial_lib.o   
Finished building target: linux_1.0.0_x86_64.so
 
14:14:59 **** Clean-only build of configuration Debug for project unix-like-serial ****
make clean 
rm -rf  ./src/unix_like_serial.o ./src/unix_like_serial_lib.o  ./src/unix_like_serial.d ./src/unix_like_serial_lib.d  linux_1.0.0_x86_64.so
 
14:14:59 **** Build of configuration Debug for project unix-like-serial ****
make all 
Building file: ../src/unix_like_serial.c
Invoking: GCC C Compiler
gcc -I/home/r/packages/jdk/jdk1.6.0_45/include -include/home/r/packages/jdk/jdk1.6.0_45/include/jni.h -O0 -g3 -Wall -c -fmessage-length=0 -fPIC -MMD -MP -MF"src/unix_like_serial.d" -MT"src/unix_like_serial.d" -o "src/unix_like_serial.o" "../src/unix_like_serial.c"
../src/unix_like_serial.c: In function ‘Java_com_embeddedunveiled_serial_SerialComJNINativeInterface_openComPort’:
../src/unix_like_serial.c:404:3: warning: implicit declaration of function ‘ioctl’ [-Wimplicit-function-declaration]
../src/unix_like_serial.c: In function ‘Java_com_embeddedunveiled_serial_SerialComJNINativeInterface_writeBytes’:
../src/unix_like_serial.c:676:2: warning: implicit declaration of function ‘tcdrain’ [-Wimplicit-function-declaration]
../src/unix_like_serial.c: In function ‘Java_com_embeddedunveiled_serial_SerialComJNINativeInterface_clearPortIOBuffers’:
../src/unix_like_serial.c:1268:3: warning: implicit declaration of function ‘tcflush’ [-Wimplicit-function-declaration]
../src/unix_like_serial.c: In function ‘Java_com_embeddedunveiled_serial_SerialComJNINativeInterface_registerPortMonitorListener’:
../src/unix_like_serial.c:1759:6: warning: unused variable ‘negative’ [-Wunused-variable]
../src/unix_like_serial.c:1758:6: warning: unused variable ‘ret’ [-Wunused-variable]
Finished building: ../src/unix_like_serial.c
 
Building file: ../src/unix_like_serial_lib.c
Invoking: GCC C Compiler
gcc -I/home/r/packages/jdk/jdk1.6.0_45/include -include/home/r/packages/jdk/jdk1.6.0_45/include/jni.h -O0 -g3 -Wall -c -fmessage-length=0 -fPIC -MMD -MP -MF"src/unix_like_serial_lib.d" -MT"src/unix_like_serial_lib.d" -o "src/unix_like_serial_lib.o" "../src/unix_like_serial_lib.c"
../src/unix_like_serial_lib.c: In function ‘event_looper’:
../src/unix_like_serial_lib.c:361:3: warning: implicit declaration of function ‘ioctl’ [-Wimplicit-function-declaration]
Finished building: ../src/unix_like_serial_lib.c
 
Building target: linux_1.0.0_x86_64.so
Invoking: GCC C Linker
gcc -shared -o "linux_1.0.0_x86_64.so"  ./src/unix_like_serial.o ./src/unix_like_serial_lib.o   
Finished building target: linux_1.0.0_x86_64.so
 
14:15:52 **** Incremental Build of configuration Debug for project unix-like-serial ****
make all 
make: Nothing to be done for `all'.
14:16:50 **** Incremental Build of configuration Debug for project unix-like-serial ****
make all 
make: Nothing to be done for `all'.
14:17:03 **** Incremental Build of configuration Debug for project unix-like-serial ****
make all 
make: Nothing to be done for `all'.
14:17:20 **** Incremental Build of configuration Debug for project unix-like-serial ****
make all 
make: Nothing to be done for `all'.
14:17:59 **** Incremental Build of configuration Debug for project unix-like-serial ****
make all 
make: Nothing to be done for `all'.
14:36:50 **** Incremental Build of configuration Debug for project unix-like-serial ****
make all 
Building file: ../src/unix_like_serial.c
Invoking: GCC C Compiler
gcc -I/home/r/packages/jdk/jdk1.6.0_45/include -include/home/r/packages/jdk/jdk1.6.0_45/include/jni.h -O0 -g3 -Wall -c -fmessage-length=0 -fPIC -MMD -MP -MF"src/unix_like_serial.d" -MT"src/unix_like_serial.d" -o "src/unix_like_serial.o" "../src/unix_like_serial.c"
../src/unix_like_serial.c: In function ‘Java_com_embeddedunveiled_serial_SerialComJNINativeInterface_openComPort’:
../src/unix_like_serial.c:404:3: warning: implicit declaration of function ‘ioctl’ [-Wimplicit-function-declaration]
../src/unix_like_serial.c: In function ‘Java_com_embeddedunveiled_serial_SerialComJNINativeInterface_writeBytes’:
../src/unix_like_serial.c:676:2: warning: implicit declaration of function ‘tcdrain’ [-Wimplicit-function-declaration]
../src/unix_like_serial.c: In function ‘Java_com_embeddedunveiled_serial_SerialComJNINativeInterface_clearPortIOBuffers’:
../src/unix_like_serial.c:1268:3: warning: implicit declaration of function ‘tcflush’ [-Wimplicit-function-declaration]
../src/unix_like_serial.c: In function ‘Java_com_embeddedunveiled_serial_SerialComJNINativeInterface_registerPortMonitorListener’:
../src/unix_like_serial.c:1763:6: warning: unused variable ‘negative’ [-Wunused-variable]
../src/unix_like_serial.c:1762:6: warning: unused variable ‘ret’ [-Wunused-variable]
Finished building: ../src/unix_like_serial.c
 
Building target: linux_1.0.0_x86_64.so
Invoking: GCC C Linker
gcc -shared -o "linux_1.0.0_x86_64.so"  ./src/unix_like_serial.o ./src/unix_like_serial_lib.o   
Finished building target: linux_1.0.0_x86_64.so
 
14:36:55 **** Incremental Build of configuration Debug for project unix-like-serial ****
make all 
make: Nothing to be done for `all'.
14:37:13 **** Incremental Build of configuration Debug for project unix-like-serial ****
make all 
make: Nothing to be done for `all'.
14:51:07 **** Incremental Build of configuration Debug for project unix-like-serial ****
make all 
Building file: ../src/unix_like_serial.c
Invoking: GCC C Compiler
gcc -I/home/r/packages/jdk/jdk1.6.0_45/include -include/home/r/packages/jdk/jdk1.6.0_45/include/jni.h -O0 -g3 -Wall -c -fmessage-length=0 -fPIC -MMD -MP -MF"src/unix_like_serial.d" -MT"src/unix_like_serial.d" -o "src/unix_like_serial.o" "../src/unix_like_serial.c"
../src/unix_like_serial.c: In function ‘Java_com_embeddedunveiled_serial_SerialComJNINativeInterface_openComPort’:
../src/unix_like_serial.c:404:3: warning: implicit declaration of function ‘ioctl’ [-Wimplicit-function-declaration]
../src/unix_like_serial.c: In function ‘Java_com_embeddedunveiled_serial_SerialComJNINativeInterface_writeBytes’:
../src/unix_like_serial.c:676:2: warning: implicit declaration of function ‘tcdrain’ [-Wimplicit-function-declaration]
../src/unix_like_serial.c: In function ‘Java_com_embeddedunveiled_serial_SerialComJNINativeInterface_clearPortIOBuffers’:
../src/unix_like_serial.c:1268:3: warning: implicit declaration of function ‘tcflush’ [-Wimplicit-function-declaration]
../src/unix_like_serial.c: In function ‘Java_com_embeddedunveiled_serial_SerialComJNINativeInterface_registerPortMonitorListener’:
../src/unix_like_serial.c:1760:6: warning: unused variable ‘negative’ [-Wunused-variable]
../src/unix_like_serial.c:1759:6: warning: unused variable ‘ret’ [-Wunused-variable]
Finished building: ../src/unix_like_serial.c
 
Building target: linux_1.0.0_x86_64.so
Invoking: GCC C Linker
gcc -shared -o "linux_1.0.0_x86_64.so"  ./src/unix_like_serial.o ./src/unix_like_serial_lib.o   
Finished building target: linux_1.0.0_x86_64.so
 
14:51:12 **** Incremental Build of configuration Debug for project unix-like-serial ****
make all 
make: Nothing to be done for `all'.
14:51:20 **** Incremental Build of configuration Debug for project unix-like-serial ****
make all 
make: Nothing to be done for `all'.
14:51:26 **** Incremental Build of configuration Debug for project unix-like-serial ****
make all 
make: Nothing to be done for `all'.
14:53:26 **** Clean-only build of configuration Debug for project unix-like-serial ****
make clean 
rm -rf  ./src/unix_like_serial.o ./src/unix_like_serial_lib.o  ./src/unix_like_serial.d ./src/unix_like_serial_lib.d  linux_1.0.0_x86_64.so
 
14:53:26 **** Build of configuration Debug for project unix-like-serial ****
make all 
Building file: ../src/unix_like_serial.c
Invoking: GCC C Compiler
gcc -I/home/r/packages/jdk/jdk1.6.0_45/include -include/home/r/packages/jdk/jdk1.6.0_45/include/jni.h -O0 -g3 -Wall -c -fmessage-length=0 -fPIC -MMD -MP -MF"src/unix_like_serial.d" -MT"src/unix_like_serial.d" -o "src/unix_like_serial.o" "../src/unix_like_serial.c"
../src/unix_like_serial.c: In function ‘Java_com_embeddedunveiled_serial_SerialComJNINativeInterface_openComPort’:
../src/unix_like_serial.c:404:3: warning: implicit declaration of function ‘ioctl’ [-Wimplicit-function-declaration]
../src/unix_like_serial.c: In function ‘Java_com_embeddedunveiled_serial_SerialComJNINativeInterface_writeBytes’:
../src/unix_like_serial.c:676:2: warning: implicit declaration of function ‘tcdrain’ [-Wimplicit-function-declaration]
../src/unix_like_serial.c: In function ‘Java_com_embeddedunveiled_serial_SerialComJNINativeInterface_clearPortIOBuffers’:
../src/unix_like_serial.c:1268:3: warning: implicit declaration of function ‘tcflush’ [-Wimplicit-function-declaration]
../src/unix_like_serial.c: In function ‘Java_com_embeddedunveiled_serial_SerialComJNINativeInterface_registerPortMonitorListener’:
../src/unix_like_serial.c:1760:6: warning: unused variable ‘negative’ [-Wunused-variable]
../src/unix_like_serial.c:1759:6: warning: unused variable ‘ret’ [-Wunused-variable]
Finished building: ../src/unix_like_serial.c
 
Building file: ../src/unix_like_serial_lib.c
Invoking: GCC C Compiler
gcc -I/home/r/packages/jdk/jdk1.6.0_45/include -include/home/r/packages/jdk/jdk1.6.0_45/include/jni.h -O0 -g3 -Wall -c -fmessage-length=0 -fPIC -MMD -MP -MF"src/unix_like_serial_lib.d" -MT"src/unix_like_serial_lib.d" -o "src/unix_like_serial_lib.o" "../src/unix_like_serial_lib.c"
../src/unix_like_serial_lib.c: In function ‘event_looper’:
../src/unix_like_serial_lib.c:361:3: warning: implicit declaration of function ‘ioctl’ [-Wimplicit-function-declaration]
Finished building: ../src/unix_like_serial_lib.c
 
Building target: linux_1.0.0_x86_64.so
Invoking: GCC C Linker
gcc -shared -o "linux_1.0.0_x86_64.so"  ./src/unix_like_serial.o ./src/unix_like_serial_lib.o   
Finished building target: linux_1.0.0_x86_64.so
 
14:54:00 **** Incremental Build of configuration Debug for project unix-like-serial ****
make all 
make: Nothing to be done for `all'.
14:54:26 **** Incremental Build of configuration Debug for project unix-like-serial ****
make all 
make: Nothing to be done for `all'.
14:54:49 **** Incremental Build of configuration Debug for project unix-like-serial ****
make all 
make: Nothing to be done for `all'.
15:05:59 **** Incremental Build of configuration Debug for project unix-like-serial ****
make all 
Building file: ../src/unix_like_serial.c
Invoking: GCC C Compiler
gcc -I/home/r/packages/jdk/jdk1.6.0_45/include -include/home/r/packages/jdk/jdk1.6.0_45/include/jni.h -O0 -g3 -Wall -c -fmessage-length=0 -fPIC -MMD -MP -MF"src/unix_like_serial.d" -MT"src/unix_like_serial.d" -o "src/unix_like_serial.o" "../src/unix_like_serial.c"
../src/unix_like_serial.c: In function ‘Java_com_embeddedunveiled_serial_SerialComJNINativeInterface_openComPort’:
../src/unix_like_serial.c:404:3: warning: implicit declaration of function ‘ioctl’ [-Wimplicit-function-declaration]
../src/unix_like_serial.c: In function ‘Java_com_embeddedunveiled_serial_SerialComJNINativeInterface_writeBytes’:
../src/unix_like_serial.c:676:2: warning: implicit declaration of function ‘tcdrain’ [-Wimplicit-function-declaration]
../src/unix_like_serial.c: In function ‘Java_com_embeddedunveiled_serial_SerialComJNINativeInterface_clearPortIOBuffers’:
../src/unix_like_serial.c:1268:3: warning: implicit declaration of function ‘tcflush’ [-Wimplicit-function-declaration]
../src/unix_like_serial.c: In function ‘Java_com_embeddedunveiled_serial_SerialComJNINativeInterface_registerPortMonitorListener’:
../src/unix_like_serial.c:1775:6: warning: unused variable ‘negative’ [-Wunused-variable]
../src/unix_like_serial.c:1774:6: warning: unused variable ‘ret’ [-Wunused-variable]
Finished building: ../src/unix_like_serial.c
 
Building target: linux_1.0.0_x86_64.so
Invoking: GCC C Linker
gcc -shared -o "linux_1.0.0_x86_64.so"  ./src/unix_like_serial.o ./src/unix_like_serial_lib.o   
Finished building target: linux_1.0.0_x86_64.so
 
15:06:04 **** Incremental Build of configuration Debug for project unix-like-serial ****
make all 
make: Nothing to be done for `all'.
15:06:18 **** Incremental Build of configuration Debug for project unix-like-serial ****
make all 
make: Nothing to be done for `all'.
15:11:25 **** Incremental Build of configuration Debug for project unix-like-serial ****
make all 
make: Nothing to be done for `all'.
15:11:35 **** Incremental Build of configuration Debug for project unix-like-serial ****
make all 
make: Nothing to be done for `all'.
15:17:05 **** Incremental Build of configuration Debug for project unix-like-serial ****
make all 
make: Nothing to be done for `all'.
15:17:14 **** Incremental Build of configuration Debug for project unix-like-serial ****
make all 
make: Nothing to be done for `all'.
15:17:23 **** Incremental Build of configuration Debug for project unix-like-serial ****
make all 
make: Nothing to be done for `all'.
15:22:03 **** Incremental Build of configuration Debug for project unix-like-serial ****
make all 
make: Nothing to be done for `all'.
15:22:44 **** Incremental Build of configuration Debug for project unix-like-serial ****
make all 
make: Nothing to be done for `all'.
15:22:59 **** Incremental Build of configuration Debug for project unix-like-serial ****
make all 
make: Nothing to be done for `all'.
15:23:23 **** Incremental Build of configuration Debug for project unix-like-serial ****
make all 
make: Nothing to be done for `all'.
15:28:16 **** Incremental Build of configuration Debug for project unix-like-serial ****
make all 
make: Nothing to be done for `all'.
15:29:28 **** Incremental Build of configuration Debug for project unix-like-serial ****
make all 
make: Nothing to be done for `all'.
15:31:17 **** Incremental Build of configuration Debug for project unix-like-serial ****
make all 
make: Nothing to be done for `all'.
15:31:26 **** Incremental Build of configuration Debug for project unix-like-serial ****
make all 
make: Nothing to be done for `all'.
15:33:15 **** Incremental Build of configuration Debug for project unix-like-serial ****
make all 
Building file: ../src/unix_like_serial_lib.c
Invoking: GCC C Compiler
gcc -I/home/r/packages/jdk/jdk1.6.0_45/include -include/home/r/packages/jdk/jdk1.6.0_45/include/jni.h -O0 -g3 -Wall -c -fmessage-length=0 -fPIC -MMD -MP -MF"src/unix_like_serial_lib.d" -MT"src/unix_like_serial_lib.d" -o "src/unix_like_serial_lib.o" "../src/unix_like_serial_lib.c"
../src/unix_like_serial_lib.c: In function ‘event_looper’:
../src/unix_like_serial_lib.c:361:3: warning: implicit declaration of function ‘ioctl’ [-Wimplicit-function-declaration]
Finished building: ../src/unix_like_serial_lib.c
 
Building target: linux_1.0.0_x86_64.so
Invoking: GCC C Linker
gcc -shared -o "linux_1.0.0_x86_64.so"  ./src/unix_like_serial.o ./src/unix_like_serial_lib.o   
Finished building target: linux_1.0.0_x86_64.so
 
15:33:46 **** Incremental Build of configuration Debug for project unix-like-serial ****
make all 
make: Nothing to be done for `all'.
15:35:16 **** Incremental Build of configuration Debug for project unix-like-serial ****
make all 
make: Nothing to be done for `all'.
15:37:30 **** Incremental Build of configuration Debug for project unix-like-serial ****
make all 
make: Nothing to be done for `all'.
15:38:07 **** Incremental Build of configuration Debug for project unix-like-serial ****
make all 
make: Nothing to be done for `all'.
15:41:08 **** Incremental Build of configuration Debug for project unix-like-serial ****
make all 
Building file: ../src/unix_like_serial.c
Invoking: GCC C Compiler
gcc -I/home/r/packages/jdk/jdk1.6.0_45/include -include/home/r/packages/jdk/jdk1.6.0_45/include/jni.h -O0 -g3 -Wall -c -fmessage-length=0 -fPIC -MMD -MP -MF"src/unix_like_serial.d" -MT"src/unix_like_serial.d" -o "src/unix_like_serial.o" "../src/unix_like_serial.c"
../src/unix_like_serial.c: In function ‘Java_com_embeddedunveiled_serial_SerialComJNINativeInterface_openComPort’:
../src/unix_like_serial.c:404:3: warning: implicit declaration of function ‘ioctl’ [-Wimplicit-function-declaration]
../src/unix_like_serial.c: In function ‘Java_com_embeddedunveiled_serial_SerialComJNINativeInterface_writeBytes’:
../src/unix_like_serial.c:676:2: warning: implicit declaration of function ‘tcdrain’ [-Wimplicit-function-declaration]
../src/unix_like_serial.c: In function ‘Java_com_embeddedunveiled_serial_SerialComJNINativeInterface_clearPortIOBuffers’:
../src/unix_like_serial.c:1268:3: warning: implicit declaration of function ‘tcflush’ [-Wimplicit-function-declaration]
../src/unix_like_serial.c: In function ‘Java_com_embeddedunveiled_serial_SerialComJNINativeInterface_registerPortMonitorListener’:
../src/unix_like_serial.c:1779:6: warning: unused variable ‘negative’ [-Wunused-variable]
../src/unix_like_serial.c:1778:6: warning: unused variable ‘ret’ [-Wunused-variable]
Finished building: ../src/unix_like_serial.c
 
Building target: linux_1.0.0_x86_64.so
Invoking: GCC C Linker
gcc -shared -o "linux_1.0.0_x86_64.so"  ./src/unix_like_serial.o ./src/unix_like_serial_lib.o   
Finished building target: linux_1.0.0_x86_64.so
 
15:42:09 **** Incremental Build of configuration Debug for project unix-like-serial ****
make all 
make: Nothing to be done for `all'.
15:42:32 **** Incremental Build of configuration Debug for project unix-like-serial ****
make all 
make: Nothing to be done for `all'.
15:46:04 **** Incremental Build of configuration Debug for project unix-like-serial ****
make all 
Building file: ../src/unix_like_serial_lib.c
Invoking: GCC C Compiler
gcc -I/home/r/packages/jdk/jdk1.6.0_45/include -include/home/r/packages/jdk/jdk1.6.0_45/include/jni.h -O0 -g3 -Wall -c -fmessage-length=0 -fPIC -MMD -MP -MF"src/unix_like_serial_lib.d" -MT"src/unix_like_serial_lib.d" -o "src/unix_like_serial_lib.o" "../src/unix_like_serial_lib.c"
../src/unix_like_serial_lib.c: In function ‘event_looper’:
../src/unix_like_serial_lib.c:358:3: warning: implicit declaration of function ‘ioctl’ [-Wimplicit-function-declaration]
Finished building: ../src/unix_like_serial_lib.c
 
Building target: linux_1.0.0_x86_64.so
Invoking: GCC C Linker
gcc -shared -o "linux_1.0.0_x86_64.so"  ./src/unix_like_serial.o ./src/unix_like_serial_lib.o   
Finished building target: linux_1.0.0_x86_64.so
 
15:46:20 **** Incremental Build of configuration Debug for project unix-like-serial ****
make all 
make: Nothing to be done for `all'.
15:46:39 **** Incremental Build of configuration Debug for project unix-like-serial ****
make all 
make: Nothing to be done for `all'.
15:46:41 **** Incremental Build of configuration Debug for project unix-like-serial ****
make all 
make: Nothing to be done for `all'.
15:53:52 **** Incremental Build of configuration Debug for project unix-like-serial ****
make all 
Building file: ../src/unix_like_serial.c
Invoking: GCC C Compiler
gcc -I/home/r/packages/jdk/jdk1.6.0_45/include -include/home/r/packages/jdk/jdk1.6.0_45/include/jni.h -O0 -g3 -Wall -c -fmessage-length=0 -fPIC -MMD -MP -MF"src/unix_like_serial.d" -MT"src/unix_like_serial.d" -o "src/unix_like_serial.o" "../src/unix_like_serial.c"
../src/unix_like_serial.c: In function ‘Java_com_embeddedunveiled_serial_SerialComJNINativeInterface_openComPort’:
../src/unix_like_serial.c:404:3: warning: implicit declaration of function ‘ioctl’ [-Wimplicit-function-declaration]
../src/unix_like_serial.c: In function ‘Java_com_embeddedunveiled_serial_SerialComJNINativeInterface_writeBytes’:
../src/unix_like_serial.c:676:2: warning: implicit declaration of function ‘tcdrain’ [-Wimplicit-function-declaration]
../src/unix_like_serial.c: In function ‘Java_com_embeddedunveiled_serial_SerialComJNINativeInterface_clearPortIOBuffers’:
../src/unix_like_serial.c:1268:3: warning: implicit declaration of function ‘tcflush’ [-Wimplicit-function-declaration]
../src/unix_like_serial.c: In function ‘Java_com_embeddedunveiled_serial_SerialComJNINativeInterface_registerPortMonitorListener’:
../src/unix_like_serial.c:1783:6: warning: unused variable ‘negative’ [-Wunused-variable]
../src/unix_like_serial.c:1782:6: warning: unused variable ‘ret’ [-Wunused-variable]
Finished building: ../src/unix_like_serial.c
 
Building file: ../src/unix_like_serial_lib.c
Invoking: GCC C Compiler
gcc -I/home/r/packages/jdk/jdk1.6.0_45/include -include/home/r/packages/jdk/jdk1.6.0_45/include/jni.h -O0 -g3 -Wall -c -fmessage-length=0 -fPIC -MMD -MP -MF"src/unix_like_serial_lib.d" -MT"src/unix_like_serial_lib.d" -o "src/unix_like_serial_lib.o" "../src/unix_like_serial_lib.c"
../src/unix_like_serial_lib.c: In function ‘event_looper’:
../src/unix_like_serial_lib.c:359:3: warning: implicit declaration of function ‘ioctl’ [-Wimplicit-function-declaration]
Finished building: ../src/unix_like_serial_lib.c
 
Building target: linux_1.0.0_x86_64.so
Invoking: GCC C Linker
gcc -shared -o "linux_1.0.0_x86_64.so"  ./src/unix_like_serial.o ./src/unix_like_serial_lib.o   
Finished building target: linux_1.0.0_x86_64.so
 
15:54:09 **** Incremental Build of configuration Debug for project unix-like-serial ****
make all 
make: Nothing to be done for `all'.
16:23:29 **** Incremental Build of configuration Debug for project unix-like-serial ****
make all 
make: Nothing to be done for `all'.
16:30:13 **** Incremental Build of configuration Debug for project unix-like-serial ****
make all 
Building file: ../src/unix_like_serial_lib.c
Invoking: GCC C Compiler
gcc -I/home/r/packages/jdk/jdk1.6.0_45/include -include/home/r/packages/jdk/jdk1.6.0_45/include/jni.h -O0 -g3 -Wall -c -fmessage-length=0 -fPIC -MMD -MP -MF"src/unix_like_serial_lib.d" -MT"src/unix_like_serial_lib.d" -o "src/unix_like_serial_lib.o" "../src/unix_like_serial_lib.c"
../src/unix_like_serial_lib.c: In function ‘event_looper’:
../src/unix_like_serial_lib.c:372:3: warning: implicit declaration of function ‘ioctl’ [-Wimplicit-function-declaration]
Finished building: ../src/unix_like_serial_lib.c
 
Building target: linux_1.0.0_x86_64.so
Invoking: GCC C Linker
gcc -shared -o "linux_1.0.0_x86_64.so"  ./src/unix_like_serial.o ./src/unix_like_serial_lib.o   
Finished building target: linux_1.0.0_x86_64.so
 
16:30:29 **** Incremental Build of configuration Debug for project unix-like-serial ****
make all 
make: Nothing to be done for `all'.
16:31:51 **** Incremental Build of configuration Debug for project unix-like-serial ****
make all 
Building file: ../src/unix_like_serial_lib.c
Invoking: GCC C Compiler
gcc -I/home/r/packages/jdk/jdk1.6.0_45/include -include/home/r/packages/jdk/jdk1.6.0_45/include/jni.h -O0 -g3 -Wall -c -fmessage-length=0 -fPIC -MMD -MP -MF"src/unix_like_serial_lib.d" -MT"src/unix_like_serial_lib.d" -o "src/unix_like_serial_lib.o" "../src/unix_like_serial_lib.c"
../src/unix_like_serial_lib.c: In function ‘event_looper’:
../src/unix_like_serial_lib.c:372:3: warning: implicit declaration of function ‘ioctl’ [-Wimplicit-function-declaration]
Finished building: ../src/unix_like_serial_lib.c
 
Building target: linux_1.0.0_x86_64.so
Invoking: GCC C Linker
gcc -shared -o "linux_1.0.0_x86_64.so"  ./src/unix_like_serial.o ./src/unix_like_serial_lib.o   
Finished building target: linux_1.0.0_x86_64.so
 
16:32:08 **** Incremental Build of configuration Debug for project unix-like-serial ****
make all 
make: Nothing to be done for `all'.
16:45:03 **** Incremental Build of configuration Debug for project unix-like-serial ****
make all 
Building file: ../src/unix_like_serial.c
Invoking: GCC C Compiler
gcc -I/home/r/packages/jdk/jdk1.6.0_45/include -include/home/r/packages/jdk/jdk1.6.0_45/include/jni.h -O0 -g3 -Wall -c -fmessage-length=0 -fPIC -MMD -MP -MF"src/unix_like_serial.d" -MT"src/unix_like_serial.d" -o "src/unix_like_serial.o" "../src/unix_like_serial.c"
../src/unix_like_serial.c: In function ‘Java_com_embeddedunveiled_serial_SerialComJNINativeInterface_openComPort’:
../src/unix_like_serial.c:404:3: warning: implicit declaration of function ‘ioctl’ [-Wimplicit-function-declaration]
../src/unix_like_serial.c: In function ‘Java_com_embeddedunveiled_serial_SerialComJNINativeInterface_writeBytes’:
../src/unix_like_serial.c:676:2: warning: implicit declaration of function ‘tcdrain’ [-Wimplicit-function-declaration]
../src/unix_like_serial.c: In function ‘Java_com_embeddedunveiled_serial_SerialComJNINativeInterface_clearPortIOBuffers’:
../src/unix_like_serial.c:1268:3: warning: implicit declaration of function ‘tcflush’ [-Wimplicit-function-declaration]
../src/unix_like_serial.c: In function ‘Java_com_embeddedunveiled_serial_SerialComJNINativeInterface_registerPortMonitorListener’:
../src/unix_like_serial.c:1776:6: warning: unused variable ‘negative’ [-Wunused-variable]
../src/unix_like_serial.c:1775:6: warning: unused variable ‘ret’ [-Wunused-variable]
Finished building: ../src/unix_like_serial.c
 
Building file: ../src/unix_like_serial_lib.c
Invoking: GCC C Compiler
gcc -I/home/r/packages/jdk/jdk1.6.0_45/include -include/home/r/packages/jdk/jdk1.6.0_45/include/jni.h -O0 -g3 -Wall -c -fmessage-length=0 -fPIC -MMD -MP -MF"src/unix_like_serial_lib.d" -MT"src/unix_like_serial_lib.d" -o "src/unix_like_serial_lib.o" "../src/unix_like_serial_lib.c"
../src/unix_like_serial_lib.c: In function ‘event_looper’:
../src/unix_like_serial_lib.c:384:3: warning: implicit declaration of function ‘ioctl’ [-Wimplicit-function-declaration]
Finished building: ../src/unix_like_serial_lib.c
 
Building target: linux_1.0.0_x86_64.so
Invoking: GCC C Linker
gcc -shared -o "linux_1.0.0_x86_64.so"  ./src/unix_like_serial.o ./src/unix_like_serial_lib.o   
Finished building target: linux_1.0.0_x86_64.so
 
16:45:07 **** Incremental Build of configuration Debug for project unix-like-serial ****
make all 
make: Nothing to be done for `all'.
16:46:36 **** Incremental Build of configuration Debug for project unix-like-serial ****
make all 
make: Nothing to be done for `all'.
16:49:15 **** Incremental Build of configuration Debug for project unix-like-serial ****
make all 
Building file: ../src/unix_like_serial_lib.c
Invoking: GCC C Compiler
gcc -I/home/r/packages/jdk/jdk1.6.0_45/include -include/home/r/packages/jdk/jdk1.6.0_45/include/jni.h -O0 -g3 -Wall -c -fmessage-length=0 -fPIC -MMD -MP -MF"src/unix_like_serial_lib.d" -MT"src/unix_like_serial_lib.d" -o "src/unix_like_serial_lib.o" "../src/unix_like_serial_lib.c"
../src/unix_like_serial_lib.c: In function ‘event_looper’:
../src/unix_like_serial_lib.c:384:3: warning: implicit declaration of function ‘ioctl’ [-Wimplicit-function-declaration]
Finished building: ../src/unix_like_serial_lib.c
 
Building target: linux_1.0.0_x86_64.so
Invoking: GCC C Linker
gcc -shared -o "linux_1.0.0_x86_64.so"  ./src/unix_like_serial.o ./src/unix_like_serial_lib.o   
Finished building target: linux_1.0.0_x86_64.so
 
16:49:22 **** Incremental Build of configuration Debug for project unix-like-serial ****
make all 
make: Nothing to be done for `all'.
16:49:25 **** Clean-only build of configuration Debug for project unix-like-serial ****
make clean 
rm -rf  ./src/unix_like_serial.o ./src/unix_like_serial_lib.o  ./src/unix_like_serial.d ./src/unix_like_serial_lib.d  linux_1.0.0_x86_64.so
 
16:49:26 **** Build of configuration Debug for project unix-like-serial ****
make all 
Building file: ../src/unix_like_serial.c
Invoking: GCC C Compiler
gcc -I/home/r/packages/jdk/jdk1.6.0_45/include -include/home/r/packages/jdk/jdk1.6.0_45/include/jni.h -O0 -g3 -Wall -c -fmessage-length=0 -fPIC -MMD -MP -MF"src/unix_like_serial.d" -MT"src/unix_like_serial.d" -o "src/unix_like_serial.o" "../src/unix_like_serial.c"
../src/unix_like_serial.c: In function ‘Java_com_embeddedunveiled_serial_SerialComJNINativeInterface_openComPort’:
../src/unix_like_serial.c:404:3: warning: implicit declaration of function ‘ioctl’ [-Wimplicit-function-declaration]
../src/unix_like_serial.c: In function ‘Java_com_embeddedunveiled_serial_SerialComJNINativeInterface_writeBytes’:
../src/unix_like_serial.c:676:2: warning: implicit declaration of function ‘tcdrain’ [-Wimplicit-function-declaration]
../src/unix_like_serial.c: In function ‘Java_com_embeddedunveiled_serial_SerialComJNINativeInterface_clearPortIOBuffers’:
../src/unix_like_serial.c:1268:3: warning: implicit declaration of function ‘tcflush’ [-Wimplicit-function-declaration]
../src/unix_like_serial.c: In function ‘Java_com_embeddedunveiled_serial_SerialComJNINativeInterface_registerPortMonitorListener’:
../src/unix_like_serial.c:1776:6: warning: unused variable ‘negative’ [-Wunused-variable]
../src/unix_like_serial.c:1775:6: warning: unused variable ‘ret’ [-Wunused-variable]
Finished building: ../src/unix_like_serial.c
 
Building file: ../src/unix_like_serial_lib.c
Invoking: GCC C Compiler
gcc -I/home/r/packages/jdk/jdk1.6.0_45/include -include/home/r/packages/jdk/jdk1.6.0_45/include/jni.h -O0 -g3 -Wall -c -fmessage-length=0 -fPIC -MMD -MP -MF"src/unix_like_serial_lib.d" -MT"src/unix_like_serial_lib.d" -o "src/unix_like_serial_lib.o" "../src/unix_like_serial_lib.c"
../src/unix_like_serial_lib.c: In function ‘event_looper’:
../src/unix_like_serial_lib.c:384:3: warning: implicit declaration of function ‘ioctl’ [-Wimplicit-function-declaration]
Finished building: ../src/unix_like_serial_lib.c
 
Building target: linux_1.0.0_x86_64.so
Invoking: GCC C Linker
gcc -shared -o "linux_1.0.0_x86_64.so"  ./src/unix_like_serial.o ./src/unix_like_serial_lib.o   
Finished building target: linux_1.0.0_x86_64.so
 
16:49:29 **** Incremental Build of configuration Debug for project unix-like-serial ****
make all 
make: Nothing to be done for `all'.
16:49:43 **** Incremental Build of configuration Debug for project unix-like-serial ****
make all 
make: Nothing to be done for `all'.
16:50:08 **** Incremental Build of configuration Debug for project unix-like-serial ****
make all 
make: Nothing to be done for `all'.
16:53:59 **** Clean-only build of configuration Debug for project unix-like-serial ****
make clean 
rm -rf  ./src/unix_like_serial.o ./src/unix_like_serial_lib.o  ./src/unix_like_serial.d ./src/unix_like_serial_lib.d  linux_1.0.0_x86_64.so
 
16:53:59 **** Build of configuration Debug for project unix-like-serial ****
make all 
Building file: ../src/unix_like_serial.c
Invoking: GCC C Compiler
gcc -I/home/r/packages/jdk/jdk1.6.0_45/include -include/home/r/packages/jdk/jdk1.6.0_45/include/jni.h -O0 -g3 -Wall -c -fmessage-length=0 -fPIC -MMD -MP -MF"src/unix_like_serial.d" -MT"src/unix_like_serial.d" -o "src/unix_like_serial.o" "../src/unix_like_serial.c"
../src/unix_like_serial.c: In function ‘Java_com_embeddedunveiled_serial_SerialComJNINativeInterface_openComPort’:
../src/unix_like_serial.c:404:3: warning: implicit declaration of function ‘ioctl’ [-Wimplicit-function-declaration]
../src/unix_like_serial.c: In function ‘Java_com_embeddedunveiled_serial_SerialComJNINativeInterface_writeBytes’:
../src/unix_like_serial.c:676:2: warning: implicit declaration of function ‘tcdrain’ [-Wimplicit-function-declaration]
../src/unix_like_serial.c: In function ‘Java_com_embeddedunveiled_serial_SerialComJNINativeInterface_clearPortIOBuffers’:
../src/unix_like_serial.c:1268:3: warning: implicit declaration of function ‘tcflush’ [-Wimplicit-function-declaration]
../src/unix_like_serial.c: In function ‘Java_com_embeddedunveiled_serial_SerialComJNINativeInterface_registerPortMonitorListener’:
../src/unix_like_serial.c:1776:6: warning: unused variable ‘negative’ [-Wunused-variable]
../src/unix_like_serial.c:1775:6: warning: unused variable ‘ret’ [-Wunused-variable]
Finished building: ../src/unix_like_serial.c
 
Building file: ../src/unix_like_serial_lib.c
Invoking: GCC C Compiler
gcc -I/home/r/packages/jdk/jdk1.6.0_45/include -include/home/r/packages/jdk/jdk1.6.0_45/include/jni.h -O0 -g3 -Wall -c -fmessage-length=0 -fPIC -MMD -MP -MF"src/unix_like_serial_lib.d" -MT"src/unix_like_serial_lib.d" -o "src/unix_like_serial_lib.o" "../src/unix_like_serial_lib.c"
../src/unix_like_serial_lib.c: In function ‘event_looper’:
../src/unix_like_serial_lib.c:388:3: warning: implicit declaration of function ‘ioctl’ [-Wimplicit-function-declaration]
Finished building: ../src/unix_like_serial_lib.c
 
Building target: linux_1.0.0_x86_64.so
Invoking: GCC C Linker
gcc -shared -o "linux_1.0.0_x86_64.so"  ./src/unix_like_serial.o ./src/unix_like_serial_lib.o   
Finished building target: linux_1.0.0_x86_64.so
 
16:59:13 **** Incremental Build of configuration Debug for project unix-like-serial ****
make all 
make: Nothing to be done for `all'.
17:00:53 **** Incremental Build of configuration Debug for project unix-like-serial ****
make all 
make: Nothing to be done for `all'.
17:01:01 **** Incremental Build of configuration Debug for project unix-like-serial ****
make all 
make: Nothing to be done for `all'.
17:01:31 **** Incremental Build of configuration Debug for project unix-like-serial ****
make all 
make: Nothing to be done for `all'.
17:01:49 **** Incremental Build of configuration Debug for project unix-like-serial ****
make all 
make: Nothing to be done for `all'.
17:19:14 **** Incremental Build of configuration Debug for project unix-like-serial ****
make all 
Building file: ../src/unix_like_serial.c
Invoking: GCC C Compiler
gcc -I/home/r/packages/jdk/jdk1.6.0_45/include -include/home/r/packages/jdk/jdk1.6.0_45/include/jni.h -O0 -g3 -Wall -c -fmessage-length=0 -fPIC -MMD -MP -MF"src/unix_like_serial.d" -MT"src/unix_like_serial.d" -o "src/unix_like_serial.o" "../src/unix_like_serial.c"
../src/unix_like_serial.c: In function ‘Java_com_embeddedunveiled_serial_SerialComJNINativeInterface_openComPort’:
../src/unix_like_serial.c:404:3: warning: implicit declaration of function ‘ioctl’ [-Wimplicit-function-declaration]
../src/unix_like_serial.c: In function ‘Java_com_embeddedunveiled_serial_SerialComJNINativeInterface_writeBytes’:
../src/unix_like_serial.c:676:2: warning: implicit declaration of function ‘tcdrain’ [-Wimplicit-function-declaration]
../src/unix_like_serial.c: In function ‘Java_com_embeddedunveiled_serial_SerialComJNINativeInterface_clearPortIOBuffers’:
../src/unix_like_serial.c:1268:3: warning: implicit declaration of function ‘tcflush’ [-Wimplicit-function-declaration]
../src/unix_like_serial.c: In function ‘Java_com_embeddedunveiled_serial_SerialComJNINativeInterface_setUpDataLooperThread’:
../src/unix_like_serial.c:1567:11: warning: dereferencing ‘void *’ pointer [enabled by default]
../src/unix_like_serial.c:1567:11: error: request for member ‘data_init_done’ in something not a structure or union
../src/unix_like_serial.c: In function ‘Java_com_embeddedunveiled_serial_SerialComJNINativeInterface_registerPortMonitorListener’:
../src/unix_like_serial.c:1782:6: warning: unused variable ‘negative’ [-Wunused-variable]
../src/unix_like_serial.c:1781:6: warning: unused variable ‘ret’ [-Wunused-variable]
make: *** [src/unix_like_serial.o] Error 1
17:19:55 **** Incremental Build of configuration Debug for project unix-like-serial ****
make all 
Building file: ../src/unix_like_serial.c
Invoking: GCC C Compiler
gcc -I/home/r/packages/jdk/jdk1.6.0_45/include -include/home/r/packages/jdk/jdk1.6.0_45/include/jni.h -O0 -g3 -Wall -c -fmessage-length=0 -fPIC -MMD -MP -MF"src/unix_like_serial.d" -MT"src/unix_like_serial.d" -o "src/unix_like_serial.o" "../src/unix_like_serial.c"
../src/unix_like_serial.c: In function ‘Java_com_embeddedunveiled_serial_SerialComJNINativeInterface_openComPort’:
../src/unix_like_serial.c:404:3: warning: implicit declaration of function ‘ioctl’ [-Wimplicit-function-declaration]
../src/unix_like_serial.c: In function ‘Java_com_embeddedunveiled_serial_SerialComJNINativeInterface_writeBytes’:
../src/unix_like_serial.c:676:2: warning: implicit declaration of function ‘tcdrain’ [-Wimplicit-function-declaration]
../src/unix_like_serial.c: In function ‘Java_com_embeddedunveiled_serial_SerialComJNINativeInterface_clearPortIOBuffers’:
../src/unix_like_serial.c:1268:3: warning: implicit declaration of function ‘tcflush’ [-Wimplicit-function-declaration]
../src/unix_like_serial.c: In function ‘Java_com_embeddedunveiled_serial_SerialComJNINativeInterface_registerPortMonitorListener’:
../src/unix_like_serial.c:1782:6: warning: unused variable ‘negative’ [-Wunused-variable]
../src/unix_like_serial.c:1781:6: warning: unused variable ‘ret’ [-Wunused-variable]
Finished building: ../src/unix_like_serial.c
 
Building file: ../src/unix_like_serial_lib.c
Invoking: GCC C Compiler
gcc -I/home/r/packages/jdk/jdk1.6.0_45/include -include/home/r/packages/jdk/jdk1.6.0_45/include/jni.h -O0 -g3 -Wall -c -fmessage-length=0 -fPIC -MMD -MP -MF"src/unix_like_serial_lib.d" -MT"src/unix_like_serial_lib.d" -o "src/unix_like_serial_lib.o" "../src/unix_like_serial_lib.c"
../src/unix_like_serial_lib.c: In function ‘event_looper’:
../src/unix_like_serial_lib.c:386:3: warning: implicit declaration of function ‘ioctl’ [-Wimplicit-function-declaration]
Finished building: ../src/unix_like_serial_lib.c
 
Building target: linux_1.0.0_x86_64.so
Invoking: GCC C Linker
gcc -shared -o "linux_1.0.0_x86_64.so"  ./src/unix_like_serial.o ./src/unix_like_serial_lib.o   
Finished building target: linux_1.0.0_x86_64.so
 
17:37:58 **** Incremental Build of configuration Debug for project unix-like-serial ****
make all 
Building file: ../src/unix_like_serial.c
Invoking: GCC C Compiler
gcc -I/home/r/packages/jdk/jdk1.6.0_45/include -include/home/r/packages/jdk/jdk1.6.0_45/include/jni.h -O0 -g3 -Wall -c -fmessage-length=0 -fPIC -MMD -MP -MF"src/unix_like_serial.d" -MT"src/unix_like_serial.d" -o "src/unix_like_serial.o" "../src/unix_like_serial.c"
../src/unix_like_serial.c: In function ‘Java_com_embeddedunveiled_serial_SerialComJNINativeInterface_openComPort’:
../src/unix_like_serial.c:404:3: warning: implicit declaration of function ‘ioctl’ [-Wimplicit-function-declaration]
../src/unix_like_serial.c: In function ‘Java_com_embeddedunveiled_serial_SerialComJNINativeInterface_writeBytes’:
../src/unix_like_serial.c:676:2: warning: implicit declaration of function ‘tcdrain’ [-Wimplicit-function-declaration]
../src/unix_like_serial.c: In function ‘Java_com_embeddedunveiled_serial_SerialComJNINativeInterface_clearPortIOBuffers’:
../src/unix_like_serial.c:1268:3: warning: implicit declaration of function ‘tcflush’ [-Wimplicit-function-declaration]
../src/unix_like_serial.c: In function ‘Java_com_embeddedunveiled_serial_SerialComJNINativeInterface_registerPortMonitorListener’:
../src/unix_like_serial.c:1786:6: warning: unused variable ‘negative’ [-Wunused-variable]
../src/unix_like_serial.c:1785:6: warning: unused variable ‘ret’ [-Wunused-variable]
Finished building: ../src/unix_like_serial.c
 
Building file: ../src/unix_like_serial_lib.c
Invoking: GCC C Compiler
gcc -I/home/r/packages/jdk/jdk1.6.0_45/include -include/home/r/packages/jdk/jdk1.6.0_45/include/jni.h -O0 -g3 -Wall -c -fmessage-length=0 -fPIC -MMD -MP -MF"src/unix_like_serial_lib.d" -MT"src/unix_like_serial_lib.d" -o "src/unix_like_serial_lib.o" "../src/unix_like_serial_lib.c"
../src/unix_like_serial_lib.c: In function ‘event_looper’:
../src/unix_like_serial_lib.c:388:3: warning: implicit declaration of function ‘ioctl’ [-Wimplicit-function-declaration]
Finished building: ../src/unix_like_serial_lib.c
 
Building target: linux_1.0.0_x86_64.so
Invoking: GCC C Linker
gcc -shared -o "linux_1.0.0_x86_64.so"  ./src/unix_like_serial.o ./src/unix_like_serial_lib.o   
Finished building target: linux_1.0.0_x86_64.so
 
17:38:03 **** Clean-only build of configuration Debug for project unix-like-serial ****
make clean 
rm -rf  ./src/unix_like_serial.o ./src/unix_like_serial_lib.o  ./src/unix_like_serial.d ./src/unix_like_serial_lib.d  linux_1.0.0_x86_64.so
 
17:38:04 **** Build of configuration Debug for project unix-like-serial ****
make all 
Building file: ../src/unix_like_serial.c
Invoking: GCC C Compiler
gcc -I/home/r/packages/jdk/jdk1.6.0_45/include -include/home/r/packages/jdk/jdk1.6.0_45/include/jni.h -O0 -g3 -Wall -c -fmessage-length=0 -fPIC -MMD -MP -MF"src/unix_like_serial.d" -MT"src/unix_like_serial.d" -o "src/unix_like_serial.o" "../src/unix_like_serial.c"
../src/unix_like_serial.c: In function ‘Java_com_embeddedunveiled_serial_SerialComJNINativeInterface_openComPort’:
../src/unix_like_serial.c:404:3: warning: implicit declaration of function ‘ioctl’ [-Wimplicit-function-declaration]
../src/unix_like_serial.c: In function ‘Java_com_embeddedunveiled_serial_SerialComJNINativeInterface_writeBytes’:
../src/unix_like_serial.c:676:2: warning: implicit declaration of function ‘tcdrain’ [-Wimplicit-function-declaration]
../src/unix_like_serial.c: In function ‘Java_com_embeddedunveiled_serial_SerialComJNINativeInterface_clearPortIOBuffers’:
../src/unix_like_serial.c:1268:3: warning: implicit declaration of function ‘tcflush’ [-Wimplicit-function-declaration]
../src/unix_like_serial.c: In function ‘Java_com_embeddedunveiled_serial_SerialComJNINativeInterface_registerPortMonitorListener’:
../src/unix_like_serial.c:1786:6: warning: unused variable ‘negative’ [-Wunused-variable]
../src/unix_like_serial.c:1785:6: warning: unused variable ‘ret’ [-Wunused-variable]
Finished building: ../src/unix_like_serial.c
 
Building file: ../src/unix_like_serial_lib.c
Invoking: GCC C Compiler
gcc -I/home/r/packages/jdk/jdk1.6.0_45/include -include/home/r/packages/jdk/jdk1.6.0_45/include/jni.h -O0 -g3 -Wall -c -fmessage-length=0 -fPIC -MMD -MP -MF"src/unix_like_serial_lib.d" -MT"src/unix_like_serial_lib.d" -o "src/unix_like_serial_lib.o" "../src/unix_like_serial_lib.c"
../src/unix_like_serial_lib.c: In function ‘event_looper’:
../src/unix_like_serial_lib.c:388:3: warning: implicit declaration of function ‘ioctl’ [-Wimplicit-function-declaration]
Finished building: ../src/unix_like_serial_lib.c
 
Building target: linux_1.0.0_x86_64.so
Invoking: GCC C Linker
gcc -shared -o "linux_1.0.0_x86_64.so"  ./src/unix_like_serial.o ./src/unix_like_serial_lib.o   
Finished building target: linux_1.0.0_x86_64.so
 
17:38:43 **** Incremental Build of configuration Debug for project unix-like-serial ****
make all 
Building file: ../src/unix_like_serial.c
Invoking: GCC C Compiler
gcc -I/home/r/packages/jdk/jdk1.6.0_45/include -include/home/r/packages/jdk/jdk1.6.0_45/include/jni.h -O0 -g3 -Wall -c -fmessage-length=0 -fPIC -MMD -MP -MF"src/unix_like_serial.d" -MT"src/unix_like_serial.d" -o "src/unix_like_serial.o" "../src/unix_like_serial.c"
../src/unix_like_serial.c: In function ‘Java_com_embeddedunveiled_serial_SerialComJNINativeInterface_openComPort’:
../src/unix_like_serial.c:404:3: warning: implicit declaration of function ‘ioctl’ [-Wimplicit-function-declaration]
../src/unix_like_serial.c: In function ‘Java_com_embeddedunveiled_serial_SerialComJNINativeInterface_writeBytes’:
../src/unix_like_serial.c:676:2: warning: implicit declaration of function ‘tcdrain’ [-Wimplicit-function-declaration]
../src/unix_like_serial.c: In function ‘Java_com_embeddedunveiled_serial_SerialComJNINativeInterface_clearPortIOBuffers’:
../src/unix_like_serial.c:1268:3: warning: implicit declaration of function ‘tcflush’ [-Wimplicit-function-declaration]
../src/unix_like_serial.c: In function ‘Java_com_embeddedunveiled_serial_SerialComJNINativeInterface_registerPortMonitorListener’:
../src/unix_like_serial.c:1786:6: warning: unused variable ‘negative’ [-Wunused-variable]
../src/unix_like_serial.c:1785:6: warning: unused variable ‘ret’ [-Wunused-variable]
Finished building: ../src/unix_like_serial.c
 
Building target: linux_1.0.0_x86_64.so
Invoking: GCC C Linker
gcc -shared -o "linux_1.0.0_x86_64.so"  ./src/unix_like_serial.o ./src/unix_like_serial_lib.o   
Finished building target: linux_1.0.0_x86_64.so
 
17:38:57 **** Incremental Build of configuration Debug for project unix-like-serial ****
make all 
make: Nothing to be done for `all'.
17:39:46 **** Incremental Build of configuration Debug for project unix-like-serial ****
make all 
Building file: ../src/unix_like_serial_lib.c
Invoking: GCC C Compiler
gcc -I/home/r/packages/jdk/jdk1.6.0_45/include -include/home/r/packages/jdk/jdk1.6.0_45/include/jni.h -O0 -g3 -Wall -c -fmessage-length=0 -fPIC -MMD -MP -MF"src/unix_like_serial_lib.d" -MT"src/unix_like_serial_lib.d" -o "src/unix_like_serial_lib.o" "../src/unix_like_serial_lib.c"
../src/unix_like_serial_lib.c: In function ‘event_looper’:
../src/unix_like_serial_lib.c:389:3: warning: implicit declaration of function ‘ioctl’ [-Wimplicit-function-declaration]
Finished building: ../src/unix_like_serial_lib.c
 
Building target: linux_1.0.0_x86_64.so
Invoking: GCC C Linker
gcc -shared -o "linux_1.0.0_x86_64.so"  ./src/unix_like_serial.o ./src/unix_like_serial_lib.o   
Finished building target: linux_1.0.0_x86_64.so
 
17:40:04 **** Incremental Build of configuration Debug for project unix-like-serial ****
make all 
make: Nothing to be done for `all'.
17:50:41 **** Incremental Build of configuration Debug for project unix-like-serial ****
make all 
Building file: ../src/unix_like_serial.c
Invoking: GCC C Compiler
gcc -I/home/r/packages/jdk/jdk1.6.0_45/include -include/home/r/packages/jdk/jdk1.6.0_45/include/jni.h -O0 -g3 -Wall -c -fmessage-length=0 -fPIC -MMD -MP -MF"src/unix_like_serial.d" -MT"src/unix_like_serial.d" -o "src/unix_like_serial.o" "../src/unix_like_serial.c"
../src/unix_like_serial.c: In function ‘Java_com_embeddedunveiled_serial_SerialComJNINativeInterface_openComPort’:
../src/unix_like_serial.c:404:3: warning: implicit declaration of function ‘ioctl’ [-Wimplicit-function-declaration]
../src/unix_like_serial.c: In function ‘Java_com_embeddedunveiled_serial_SerialComJNINativeInterface_writeBytes’:
../src/unix_like_serial.c:676:2: warning: implicit declaration of function ‘tcdrain’ [-Wimplicit-function-declaration]
../src/unix_like_serial.c: In function ‘Java_com_embeddedunveiled_serial_SerialComJNINativeInterface_clearPortIOBuffers’:
../src/unix_like_serial.c:1268:3: warning: implicit declaration of function ‘tcflush’ [-Wimplicit-function-declaration]
../src/unix_like_serial.c: In function ‘Java_com_embeddedunveiled_serial_SerialComJNINativeInterface_registerPortMonitorListener’:
../src/unix_like_serial.c:1796:6: warning: unused variable ‘negative’ [-Wunused-variable]
../src/unix_like_serial.c:1795:6: warning: unused variable ‘ret’ [-Wunused-variable]
Finished building: ../src/unix_like_serial.c
 
Building file: ../src/unix_like_serial_lib.c
Invoking: GCC C Compiler
gcc -I/home/r/packages/jdk/jdk1.6.0_45/include -include/home/r/packages/jdk/jdk1.6.0_45/include/jni.h -O0 -g3 -Wall -c -fmessage-length=0 -fPIC -MMD -MP -MF"src/unix_like_serial_lib.d" -MT"src/unix_like_serial_lib.d" -o "src/unix_like_serial_lib.o" "../src/unix_like_serial_lib.c"
../src/unix_like_serial_lib.c: In function ‘event_looper’:
../src/unix_like_serial_lib.c:384:65: error: invalid operands to binary * (have ‘int’ and ‘void (*)(int)’)
../src/unix_like_serial_lib.c:406:3: warning: implicit declaration of function ‘ioctl’ [-Wimplicit-function-declaration]
make: *** [src/unix_like_serial_lib.o] Error 1
17:51:10 **** Incremental Build of configuration Debug for project unix-like-serial ****
make all 
Building file: ../src/unix_like_serial_lib.c
Invoking: GCC C Compiler
gcc -I/home/r/packages/jdk/jdk1.6.0_45/include -include/home/r/packages/jdk/jdk1.6.0_45/include/jni.h -O0 -g3 -Wall -c -fmessage-length=0 -fPIC -MMD -MP -MF"src/unix_like_serial_lib.d" -MT"src/unix_like_serial_lib.d" -o "src/unix_like_serial_lib.o" "../src/unix_like_serial_lib.c"
../src/unix_like_serial_lib.c: In function ‘event_looper’:
../src/unix_like_serial_lib.c:406:3: warning: implicit declaration of function ‘ioctl’ [-Wimplicit-function-declaration]
../src/unix_like_serial_lib.c:329:6: warning: unused variable ‘negative’ [-Wunused-variable]
Finished building: ../src/unix_like_serial_lib.c
 
Building target: linux_1.0.0_x86_64.so
Invoking: GCC C Linker
gcc -shared -o "linux_1.0.0_x86_64.so"  ./src/unix_like_serial.o ./src/unix_like_serial_lib.o   
Finished building target: linux_1.0.0_x86_64.so
 
17:51:15 **** Clean-only build of configuration Debug for project unix-like-serial ****
make clean 
rm -rf  ./src/unix_like_serial.o ./src/unix_like_serial_lib.o  ./src/unix_like_serial.d ./src/unix_like_serial_lib.d  linux_1.0.0_x86_64.so
 
17:51:15 **** Build of configuration Debug for project unix-like-serial ****
make all 
Building file: ../src/unix_like_serial.c
Invoking: GCC C Compiler
gcc -I/home/r/packages/jdk/jdk1.6.0_45/include -include/home/r/packages/jdk/jdk1.6.0_45/include/jni.h -O0 -g3 -Wall -c -fmessage-length=0 -fPIC -MMD -MP -MF"src/unix_like_serial.d" -MT"src/unix_like_serial.d" -o "src/unix_like_serial.o" "../src/unix_like_serial.c"
../src/unix_like_serial.c: In function ‘Java_com_embeddedunveiled_serial_SerialComJNINativeInterface_openComPort’:
../src/unix_like_serial.c:404:3: warning: implicit declaration of function ‘ioctl’ [-Wimplicit-function-declaration]
../src/unix_like_serial.c: In function ‘Java_com_embeddedunveiled_serial_SerialComJNINativeInterface_writeBytes’:
../src/unix_like_serial.c:676:2: warning: implicit declaration of function ‘tcdrain’ [-Wimplicit-function-declaration]
../src/unix_like_serial.c: In function ‘Java_com_embeddedunveiled_serial_SerialComJNINativeInterface_clearPortIOBuffers’:
../src/unix_like_serial.c:1268:3: warning: implicit declaration of function ‘tcflush’ [-Wimplicit-function-declaration]
../src/unix_like_serial.c: In function ‘Java_com_embeddedunveiled_serial_SerialComJNINativeInterface_registerPortMonitorListener’:
../src/unix_like_serial.c:1796:6: warning: unused variable ‘negative’ [-Wunused-variable]
../src/unix_like_serial.c:1795:6: warning: unused variable ‘ret’ [-Wunused-variable]
Finished building: ../src/unix_like_serial.c
 
Building file: ../src/unix_like_serial_lib.c
Invoking: GCC C Compiler
gcc -I/home/r/packages/jdk/jdk1.6.0_45/include -include/home/r/packages/jdk/jdk1.6.0_45/include/jni.h -O0 -g3 -Wall -c -fmessage-length=0 -fPIC -MMD -MP -MF"src/unix_like_serial_lib.d" -MT"src/unix_like_serial_lib.d" -o "src/unix_like_serial_lib.o" "../src/unix_like_serial_lib.c"
../src/unix_like_serial_lib.c: In function ‘event_looper’:
../src/unix_like_serial_lib.c:406:3: warning: implicit declaration of function ‘ioctl’ [-Wimplicit-function-declaration]
../src/unix_like_serial_lib.c:329:6: warning: unused variable ‘negative’ [-Wunused-variable]
Finished building: ../src/unix_like_serial_lib.c
 
Building target: linux_1.0.0_x86_64.so
Invoking: GCC C Linker
gcc -shared -o "linux_1.0.0_x86_64.so"  ./src/unix_like_serial.o ./src/unix_like_serial_lib.o   
Finished building target: linux_1.0.0_x86_64.so
 
17:51:19 **** Incremental Build of configuration Debug for project unix-like-serial ****
make all 
make: Nothing to be done for `all'.
17:51:34 **** Incremental Build of configuration Debug for project unix-like-serial ****
make all 
make: Nothing to be done for `all'.
17:51:52 **** Incremental Build of configuration Debug for project unix-like-serial ****
make all 
make: Nothing to be done for `all'.
