16:06:12 **** Incremental Build of configuration Debug for project linux_serial ****
make all 
Building file: ../src/unix_like_serial_lib.c
Invoking: GCC C Compiler
gcc -I/home/r/packages/jdk1.7.0_75/include -O0 -g3 -Wall -c -fmessage-length=0 -m64 -v -fPIC -MMD -MP -MF"src/unix_like_serial_lib.d" -MT"src/unix_like_serial_lib.d" -o "src/unix_like_serial_lib.o" "../src/unix_like_serial_lib.c"
Using built-in specs.
COLLECT_GCC=gcc
COLLECT_LTO_WRAPPER=/usr/lib/gcc/x86_64-linux-gnu/4.6/lto-wrapper
Target: x86_64-linux-gnu
Configured with: ../src/configure -v --with-pkgversion='Ubuntu/Linaro 4.6.3-1ubuntu5' --with-bugurl=file:///usr/share/doc/gcc-4.6/README.Bugs --enable-languages=c,c++,fortran,objc,obj-c++ --prefix=/usr --program-suffix=-4.6 --enable-shared --enable-linker-build-id --with-system-zlib --libexecdir=/usr/lib --without-included-gettext --enable-threads=posix --with-gxx-include-dir=/usr/include/c++/4.6 --libdir=/usr/lib --enable-nls --with-sysroot=/ --enable-clocale=gnu --enable-libstdcxx-debug --enable-libstdcxx-time=yes --enable-gnu-unique-object --enable-plugin --enable-objc-gc --disable-werror --with-arch-32=i686 --with-tune=generic --enable-checking=release --build=x86_64-linux-gnu --host=x86_64-linux-gnu --target=x86_64-linux-gnu
Thread model: posix
gcc version 4.6.3 (Ubuntu/Linaro 4.6.3-1ubuntu5) 
COLLECT_GCC_OPTIONS='-I' '/home/r/packages/jdk1.7.0_75/include' '-O0' '-g3' '-Wall' '-c' '-fmessage-length=0' '-m64' '-v' '-fPIC' '-MMD' '-MP' '-MF' 'src/unix_like_serial_lib.d' '-MT' 'src/unix_like_serial_lib.d' '-o' 'src/unix_like_serial_lib.o' '-mtune=generic' '-march=x86-64'
 /usr/lib/gcc/x86_64-linux-gnu/4.6/cc1 -quiet -v -I /home/r/packages/jdk1.7.0_75/include -imultilib . -imultiarch x86_64-linux-gnu -MMD src/unix_like_serial_lib.d -MF src/unix_like_serial_lib.d -MP -MT src/unix_like_serial_lib.d -dD ../src/unix_like_serial_lib.c -quiet -dumpbase unix_like_serial_lib.c -m64 -mtune=generic -march=x86-64 -auxbase-strip src/unix_like_serial_lib.o -g3 -O0 -Wall -version -fmessage-length=0 -fPIC -fstack-protector -o /tmp/ccBuGl0n.s
GNU C (Ubuntu/Linaro 4.6.3-1ubuntu5) version 4.6.3 (x86_64-linux-gnu)
	compiled by GNU C version 4.6.3, GMP version 5.0.2, MPFR version 3.1.0-p3, MPC version 0.9
GGC heuristics: --param ggc-min-expand=100 --param ggc-min-heapsize=131072
ignoring nonexistent directory "/usr/local/include/x86_64-linux-gnu"
ignoring nonexistent directory "/usr/lib/gcc/x86_64-linux-gnu/4.6/../../../../x86_64-linux-gnu/include"
#include "..." search starts here:
#include <...> search starts here:
 /home/r/packages/jdk1.7.0_75/include
 /usr/lib/gcc/x86_64-linux-gnu/4.6/include
 /usr/local/include
 /usr/lib/gcc/x86_64-linux-gnu/4.6/include-fixed
 /usr/include/x86_64-linux-gnu
 /usr/include
End of search list.
GNU C (Ubuntu/Linaro 4.6.3-1ubuntu5) version 4.6.3 (x86_64-linux-gnu)
	compiled by GNU C version 4.6.3, GMP version 5.0.2, MPFR version 3.1.0-p3, MPC version 0.9
GGC heuristics: --param ggc-min-expand=100 --param ggc-min-heapsize=131072
Compiler executable checksum: 75e879ed14f91af504f4150eadeaa0e6
../src/unix_like_serial_lib.c: In function ‘event_looper’:
../src/unix_like_serial_lib.c:481:3: warning: implicit declaration of function ‘ioctl’ [-Wimplicit-function-declaration]
COLLECT_GCC_OPTIONS='-I' '/home/r/packages/jdk1.7.0_75/include' '-O0' '-g3' '-Wall' '-c' '-fmessage-length=0' '-m64' '-v' '-fPIC' '-MMD' '-MP' '-MF' 'src/unix_like_serial_lib.d' '-MT' 'src/unix_like_serial_lib.d' '-o' 'src/unix_like_serial_lib.o' '-mtune=generic' '-march=x86-64'
 as --64 -o src/unix_like_serial_lib.o /tmp/ccBuGl0n.s
COMPILER_PATH=/usr/lib/gcc/x86_64-linux-gnu/4.6/:/usr/lib/gcc/x86_64-linux-gnu/4.6/:/usr/lib/gcc/x86_64-linux-gnu/:/usr/lib/gcc/x86_64-linux-gnu/4.6/:/usr/lib/gcc/x86_64-linux-gnu/
LIBRARY_PATH=/usr/lib/gcc/x86_64-linux-gnu/4.6/:/usr/lib/gcc/x86_64-linux-gnu/4.6/../../../x86_64-linux-gnu/:/usr/lib/gcc/x86_64-linux-gnu/4.6/../../../../lib/:/lib/x86_64-linux-gnu/:/lib/../lib/:/usr/lib/x86_64-linux-gnu/:/usr/lib/../lib/:/usr/lib/gcc/x86_64-linux-gnu/4.6/../../../:/lib/:/usr/lib/
Finished building: ../src/unix_like_serial_lib.c
COLLECT_GCC_OPTIONS='-I' '/home/r/packages/jdk1.7.0_75/include' '-O0' '-g3' '-Wall' '-c' '-fmessage-length=0' '-m64' '-v' '-fPIC' '-MMD' '-MP' '-MF' 'src/unix_like_serial_lib.d' '-MT' 'src/unix_like_serial_lib.d' '-o' 'src/unix_like_serial_lib.o' '-mtune=generic' '-march=x86-64'
 
Building target: linux_1.0.0_x86_64.so
Invoking: GCC C Linker
gcc -m64 -ludev -shared -o "linux_1.0.0_x86_64.so"  ./src/unix_like_serial.o ./src/unix_like_serial_lib.o   
/usr/bin/ld: cannot find -ludev
collect2: ld returned 1 exit status
make: *** [linux_1.0.0_x86_64.so] Error 1

16:06:12 Build Finished (took 108ms)

