17:39:11 **** Incremental Build of configuration Debug for project unix-like-serial ****
make all 
Building file: ../src/unix_like_serial.c
Invoking: GCC C Compiler
gcc -I/home/r/packages/jdk/jdk1.6.0_45/include -include/home/r/packages/jdk/jdk1.6.0_45/include/jni.h -O0 -g3 -Wall -c -fmessage-length=0 -v -fPIC -MMD -MP -MF"src/unix_like_serial.d" -MT"src/unix_like_serial.d" -o "src/unix_like_serial.o" "../src/unix_like_serial.c"
Using built-in specs.
COLLECT_GCC=gcc
COLLECT_LTO_WRAPPER=/usr/lib/gcc/x86_64-linux-gnu/4.6/lto-wrapper
Target: x86_64-linux-gnu
Configured with: ../src/configure -v --with-pkgversion='Ubuntu/Linaro 4.6.3-1ubuntu5' --with-bugurl=file:///usr/share/doc/gcc-4.6/README.Bugs --enable-languages=c,c++,fortran,objc,obj-c++ --prefix=/usr --program-suffix=-4.6 --enable-shared --enable-linker-build-id --with-system-zlib --libexecdir=/usr/lib --without-included-gettext --enable-threads=posix --with-gxx-include-dir=/usr/include/c++/4.6 --libdir=/usr/lib --enable-nls --with-sysroot=/ --enable-clocale=gnu --enable-libstdcxx-debug --enable-libstdcxx-time=yes --enable-gnu-unique-object --enable-plugin --enable-objc-gc --disable-werror --with-arch-32=i686 --with-tune=generic --enable-checking=release --build=x86_64-linux-gnu --host=x86_64-linux-gnu --target=x86_64-linux-gnu
Thread model: posix
gcc version 4.6.3 (Ubuntu/Linaro 4.6.3-1ubuntu5) 
COLLECT_GCC_OPTIONS='-I' '/home/r/packages/jdk/jdk1.6.0_45/include' '-include' '/home/r/packages/jdk/jdk1.6.0_45/include/jni.h' '-O0' '-g3' '-Wall' '-c' '-fmessage-length=0' '-v' '-fPIC' '-MMD' '-MP' '-MF' 'src/unix_like_serial.d' '-MT' 'src/unix_like_serial.d' '-o' 'src/unix_like_serial.o' '-mtune=generic' '-march=x86-64'
 /usr/lib/gcc/x86_64-linux-gnu/4.6/cc1 -quiet -v -I /home/r/packages/jdk/jdk1.6.0_45/include -imultilib . -imultiarch x86_64-linux-gnu -MMD src/unix_like_serial.d -MF src/unix_like_serial.d -MP -MT src/unix_like_serial.d -dD -include /home/r/packages/jdk/jdk1.6.0_45/include/jni.h ../src/unix_like_serial.c -quiet -dumpbase unix_like_serial.c -mtune=generic -march=x86-64 -auxbase-strip src/unix_like_serial.o -g3 -O0 -Wall -version -fmessage-length=0 -fPIC -fstack-protector -o /tmp/ccgXv7D6.s
GNU C (Ubuntu/Linaro 4.6.3-1ubuntu5) version 4.6.3 (x86_64-linux-gnu)
	compiled by GNU C version 4.6.3, GMP version 5.0.2, MPFR version 3.1.0-p3, MPC version 0.9
GGC heuristics: --param ggc-min-expand=100 --param ggc-min-heapsize=131072
ignoring nonexistent directory "/usr/local/include/x86_64-linux-gnu"
ignoring nonexistent directory "/usr/lib/gcc/x86_64-linux-gnu/4.6/../../../../x86_64-linux-gnu/include"
#include "..." search starts here:
#include <...> search starts here:
 /home/r/packages/jdk/jdk1.6.0_45/include
 /usr/lib/gcc/x86_64-linux-gnu/4.6/include
 /usr/local/include
 /usr/lib/gcc/x86_64-linux-gnu/4.6/include-fixed
 /usr/include/x86_64-linux-gnu
 /usr/include
End of search list.
GNU C (Ubuntu/Linaro 4.6.3-1ubuntu5) version 4.6.3 (x86_64-linux-gnu)
	compiled by GNU C version 4.6.3, GMP version 5.0.2, MPFR version 3.1.0-p3, MPC version 0.9
GGC heuristics: --param ggc-min-expand=100 --param ggc-min-heapsize=131072
Compiler executable checksum: 75e879ed14f91af504f4150eadeaa0e6
../src/unix_like_serial.c: In function ‘Java_com_embeddedunveiled_serial_SerialComJNINativeInterface_openComPort’:
../src/unix_like_serial.c:402:3: warning: implicit declaration of function ‘ioctl’ [-Wimplicit-function-declaration]
../src/unix_like_serial.c: In function ‘Java_com_embeddedunveiled_serial_SerialComJNINativeInterface_writeBytes’:
../src/unix_like_serial.c:656:2: warning: implicit declaration of function ‘tcdrain’ [-Wimplicit-function-declaration]
../src/unix_like_serial.c: In function ‘Java_com_embeddedunveiled_serial_SerialComJNINativeInterface_clearPortIOBuffers’:
../src/unix_like_serial.c:1248:3: warning: implicit declaration of function ‘tcflush’ [-Wimplicit-function-declaration]
../src/unix_like_serial.c: In function ‘Java_com_embeddedunveiled_serial_SerialComJNINativeInterface_registerPortMonitorListener’:
../src/unix_like_serial.c:1776:6: warning: unused variable ‘negative’ [-Wunused-variable]
../src/unix_like_serial.c:1775:6: warning: unused variable ‘ret’ [-Wunused-variable]
COLLECT_GCC_OPTIONS='-I' '/home/r/packages/jdk/jdk1.6.0_45/include' '-include' '/home/r/packages/jdk/jdk1.6.0_45/include/jni.h' '-O0' '-g3' '-Wall' '-c' '-fmessage-length=0' '-v' '-fPIC' '-MMD' '-MP' '-MF' 'src/unix_like_serial.d' '-MT' 'src/unix_like_serial.d' '-o' 'src/unix_like_serial.o' '-mtune=generic' '-march=x86-64'
 as --64 -o src/unix_like_serial.o /tmp/ccgXv7D6.s
COMPILER_PATH=/usr/lib/gcc/x86_64-linux-gnu/4.6/:/usr/lib/gcc/x86_64-linux-gnu/4.6/:/usr/lib/gcc/x86_64-linux-gnu/:/usr/lib/gcc/x86_64-linux-gnu/4.6/:/usr/lib/gcc/x86_64-linux-gnu/
LIBRARY_PATH=/usr/lib/gcc/x86_64-linux-gnu/4.6/:/usr/lib/gcc/x86_64-linux-gnu/4.6/../../../x86_64-linux-gnu/:/usr/lib/gcc/x86_64-linux-gnu/4.6/../../../../lib/:/lib/x86_64-linux-gnu/:/lib/../lib/:/usr/lib/x86_64-linux-gnu/:/usr/lib/../lib/:/usr/lib/gcc/x86_64-linux-gnu/4.6/../../../:/lib/:/usr/lib/
COLLECT_GCC_OPTIONS='-I' '/home/r/packages/jdk/jdk1.6.0_45/include' '-include' '/home/r/packages/jdk/jdk1.6.0_45/include/jni.h' '-O0' '-g3' '-Wall' '-c' '-fmessage-length=0' '-v' '-fPIC' '-MMD' '-MP' '-MF' 'src/unix_like_serial.d' '-MT' 'src/unix_like_serial.d' '-o' 'src/unix_like_serial.o' '-mtune=generic' '-march=x86-64'
Finished building: ../src/unix_like_serial.c
 
Building target: linux_1.0.0_x86_64.so
Invoking: GCC C Linker
gcc -shared -o "linux_1.0.0_x86_64.so"  ./src/unix_like_serial.o ./src/unix_like_serial_lib.o   
Finished building target: linux_1.0.0_x86_64.so
 

17:39:12 Build Finished (took 158ms)

